[    0.000000] Linux version 5.4.0-165-generic (buildd@lcy02-amd64-078) (gcc version 9.4.0 (Ubuntu 9.4.0-1ubuntu1~20.04.2)) #182-Ubuntu SMP Mon Oct 2 19:43:28 UTC 2023 (Ubuntu 5.4.0-165.182-generic 5.4.248)
[    0.000000] Command line: BOOT_IMAGE=/boot/vmlinuz-5.4.0-165-generic root=UUID=f685bb41-0e3b-40c4-89c1-eea0f0583525 ro console=tty1 console=ttyS0
[    0.000000] KERNEL supported cpus:
[    0.000000]   Intel GenuineIntel
[    0.000000]   AMD AuthenticAMD
[    0.000000]   Hygon HygonGenuine
[    0.000000]   Centaur CentaurHauls
[    0.000000]   zhaoxin   Shanghai  
[    0.000000] BIOS-provided physical RAM map:
[    0.000000] BIOS-e820: [mem 0x0000000000000000-0x000000000009fbff] usable
[    0.000000] BIOS-e820: [mem 0x000000000009fc00-0x000000000009ffff] reserved
[    0.000000] BIOS-e820: [mem 0x00000000000f0000-0x00000000000fffff] reserved
[    0.000000] BIOS-e820: [mem 0x0000000000100000-0x00000000dffeffff] usable
[    0.000000] BIOS-e820: [mem 0x00000000dfff0000-0x00000000dfffffff] ACPI data
[    0.000000] BIOS-e820: [mem 0x00000000fec00000-0x00000000fec00fff] reserved
[    0.000000] BIOS-e820: [mem 0x00000000fee00000-0x00000000fee00fff] reserved
[    0.000000] BIOS-e820: [mem 0x00000000fffc0000-0x00000000ffffffff] reserved
[    0.000000] BIOS-e820: [mem 0x0000000100000000-0x000000011fffffff] usable
[    0.000000] NX (Execute Disable) protection: active
[    0.000000] SMBIOS 2.5 present.
[    0.000000] DMI: innotek GmbH VirtualBox/VirtualBox, BIOS VirtualBox 12/01/2006
[    0.000000] Hypervisor detected: KVM
[    0.000000] kvm-clock: Using msrs 4b564d01 and 4b564d00
[    0.000001] kvm-clock: cpu 0, msr 83a01001, primary cpu clock
[    0.000001] kvm-clock: using sched offset of 7278528568 cycles
[    0.000005] clocksource: kvm-clock: mask: 0xffffffffffffffff max_cycles: 0x1cd42e4dffb, max_idle_ns: 881590591483 ns
[    0.000008] tsc: Detected 1388.761 MHz processor
[    0.005259] last_pfn = 0x120000 max_arch_pfn = 0x400000000
[    0.005396] Disabled
[    0.005399] x86/PAT: MTRRs disabled, skipping PAT initialization too.
[    0.005420] CPU MTRRs all blank - virtualized system.
[    0.005444] x86/PAT: Configuration [0-7]: WB  WT  UC- UC  WB  WT  UC- UC  
[    0.005472] last_pfn = 0xdfff0 max_arch_pfn = 0x400000000
[    0.005549] found SMP MP-table at [mem 0x0009fff0-0x0009ffff]
[    0.037107] check: Scanning 1 areas for low memory corruption
[    0.037606] RAMDISK: [mem 0x2d9cd000-0x32cddfff]
[    0.037616] ACPI: Early table checksum verification disabled
[    0.037623] ACPI: RSDP 0x00000000000E0000 000024 (v02 VBOX  )
[    0.037628] ACPI: XSDT 0x00000000DFFF0030 00003C (v01 VBOX   VBOXXSDT 00000001 ASL  00000061)
[    0.037636] ACPI: FACP 0x00000000DFFF00F0 0000F4 (v04 VBOX   VBOXFACP 00000001 ASL  00000061)
[    0.037643] ACPI: DSDT 0x00000000DFFF0610 002353 (v02 VBOX   VBOXBIOS 00000002 INTL 20210930)
[    0.037647] ACPI: FACS 0x00000000DFFF0200 000040
[    0.037663] ACPI: FACS 0x00000000DFFF0200 000040
[    0.037668] ACPI: APIC 0x00000000DFFF0240 00005C (v02 VBOX   VBOXAPIC 00000001 ASL  00000061)
[    0.037672] ACPI: SSDT 0x00000000DFFF02A0 00036C (v01 VBOX   VBOXCPUT 00000002 INTL 20210930)
[    0.037676] ACPI: Reserving FACP table memory at [mem 0xdfff00f0-0xdfff01e3]
[    0.037677] ACPI: Reserving DSDT table memory at [mem 0xdfff0610-0xdfff2962]
[    0.037678] ACPI: Reserving FACS table memory at [mem 0xdfff0200-0xdfff023f]
[    0.037679] ACPI: Reserving FACS table memory at [mem 0xdfff0200-0xdfff023f]
[    0.037680] ACPI: Reserving APIC table memory at [mem 0xdfff0240-0xdfff029b]
[    0.037681] ACPI: Reserving SSDT table memory at [mem 0xdfff02a0-0xdfff060b]
[    0.039697] No NUMA configuration found
[    0.039699] Faking a node at [mem 0x0000000000000000-0x000000011fffffff]
[    0.039709] NODE_DATA(0) allocated [mem 0x11ffd1000-0x11fffbfff]
[    0.040255] Zone ranges:
[    0.040257]   DMA      [mem 0x0000000000001000-0x0000000000ffffff]
[    0.040259]   DMA32    [mem 0x0000000001000000-0x00000000ffffffff]
[    0.040260]   Normal   [mem 0x0000000100000000-0x000000011fffffff]
[    0.040261]   Device   empty
[    0.040262] Movable zone start for each node
[    0.040266] Early memory node ranges
[    0.040267]   node   0: [mem 0x0000000000001000-0x000000000009efff]
[    0.040268]   node   0: [mem 0x0000000000100000-0x00000000dffeffff]
[    0.040270]   node   0: [mem 0x0000000100000000-0x000000011fffffff]
[    0.040304] Zeroed struct page in unavailable ranges: 114 pages
[    0.040306] Initmem setup node 0 [mem 0x0000000000001000-0x000000011fffffff]
[    0.168762] ACPI: PM-Timer IO Port: 0x4008
[    0.169054] IOAPIC[0]: apic_id 2, version 32, address 0xfec00000, GSI 0-23
[    0.169060] ACPI: INT_SRC_OVR (bus 0 bus_irq 0 global_irq 2 dfl dfl)
[    0.169062] ACPI: INT_SRC_OVR (bus 0 bus_irq 9 global_irq 9 low level)
[    0.169068] Using ACPI (MADT) for SMP configuration information
[    0.169096] smpboot: Allowing 2 CPUs, 0 hotplug CPUs
[    0.169225] PM: Registered nosave memory: [mem 0x00000000-0x00000fff]
[    0.169227] PM: Registered nosave memory: [mem 0x0009f000-0x0009ffff]
[    0.169228] PM: Registered nosave memory: [mem 0x000a0000-0x000effff]
[    0.169229] PM: Registered nosave memory: [mem 0x000f0000-0x000fffff]
[    0.169231] PM: Registered nosave memory: [mem 0xdfff0000-0xdfffffff]
[    0.169232] PM: Registered nosave memory: [mem 0xe0000000-0xfebfffff]
[    0.169232] PM: Registered nosave memory: [mem 0xfec00000-0xfec00fff]
[    0.169233] PM: Registered nosave memory: [mem 0xfec01000-0xfedfffff]
[    0.169234] PM: Registered nosave memory: [mem 0xfee00000-0xfee00fff]
[    0.169235] PM: Registered nosave memory: [mem 0xfee01000-0xfffbffff]
[    0.169235] PM: Registered nosave memory: [mem 0xfffc0000-0xffffffff]
[    0.169238] [mem 0xe0000000-0xfebfffff] available for PCI devices
[    0.169239] Booting paravirtualized kernel on KVM
[    0.169242] clocksource: refined-jiffies: mask: 0xffffffff max_cycles: 0xffffffff, max_idle_ns: 7645519600211568 ns
[    0.169247] setup_percpu: NR_CPUS:8192 nr_cpumask_bits:2 nr_cpu_ids:2 nr_node_ids:1
[    0.173339] percpu: Embedded 60 pages/cpu s208896 r8192 d28672 u1048576
[    0.173474] PV qspinlock hash table entries: 256 (order: 0, 4096 bytes, linear)
[    0.173534] Built 1 zonelists, mobility grouping on.  Total pages: 1032057
[    0.173536] Policy zone: Normal
[    0.173539] Kernel command line: BOOT_IMAGE=/boot/vmlinuz-5.4.0-165-generic root=UUID=f685bb41-0e3b-40c4-89c1-eea0f0583525 ro console=tty1 console=ttyS0
[    0.181450] Dentry cache hash table entries: 524288 (order: 10, 4194304 bytes, linear)
[    0.185114] Inode-cache hash table entries: 262144 (order: 9, 2097152 bytes, linear)
[    0.185326] mem auto-init: stack:off, heap alloc:on, heap free:off
[    0.256800] Memory: 3921176K/4193848K available (14339K kernel code, 2394K rwdata, 9280K rodata, 2764K init, 17232K bss, 272672K reserved, 0K cma-reserved)
[    0.257973] SLUB: HWalign=64, Order=0-3, MinObjects=0, CPUs=2, Nodes=1
[    0.258047] Kernel/User page tables isolation: enabled
[    0.258208] ftrace: allocating 44705 entries in 175 pages
[    0.278985] rcu: Hierarchical RCU implementation.
[    0.278988] rcu: 	RCU restricting CPUs from NR_CPUS=8192 to nr_cpu_ids=2.
[    0.278989] 	Tasks RCU enabled.
[    0.278991] rcu: RCU calculated value of scheduler-enlistment delay is 25 jiffies.
[    0.278992] rcu: Adjusting geometry for rcu_fanout_leaf=16, nr_cpu_ids=2
[    0.282927] NR_IRQS: 524544, nr_irqs: 440, preallocated irqs: 16
[    0.283862] random: crng init done
[    0.328971] Console: colour VGA+ 80x25
[    0.546874] printk: console [tty1] enabled
[    0.897912] printk: console [ttyS0] enabled
[    0.901975] ACPI: Core revision 20190816
[    0.905646] APIC: Switch to symmetric I/O mode setup
[    0.912618] x2apic enabled
[    0.917372] Switched APIC routing to physical x2apic.
[    0.932726] ..TIMER: vector=0x30 apic1=0 pin1=2 apic2=-1 pin2=-1
[    0.938329] clocksource: tsc-early: mask: 0xffffffffffffffff max_cycles: 0x1404a74beef, max_idle_ns: 440795267130 ns
[    0.947131] Calibrating delay loop (skipped) preset value.. 2777.52 BogoMIPS (lpj=5555044)
[    0.956559] Last level iTLB entries: 4KB 64, 2MB 8, 4MB 8
[    0.959135] Last level dTLB entries: 4KB 64, 2MB 0, 4MB 0, 1GB 4
[    0.963160] Spectre V1 : Mitigation: usercopy/swapgs barriers and __user pointer sanitization
[    0.967133] Spectre V2 : Mitigation: Retpolines
[    0.971132] Spectre V2 : Spectre v2 / SpectreRSB mitigation: Filling RSB on context switch
[    0.975131] Spectre V2 : Spectre v2 / SpectreRSB : Filling RSB on VMEXIT
[    0.979131] RETBleed: WARNING: Spectre v2 mitigation leaves CPU vulnerable to RETBleed attacks, data leaks possible!
[    0.983132] RETBleed: Vulnerable
[    0.986057] Speculative Store Bypass: Vulnerable
[    0.987164] MDS: Mitigation: Clear CPU buffers
[    0.991136] MMIO Stale Data: Mitigation: Clear CPU buffers
[    0.995154] SRBDS: Unknown: Dependent on hypervisor status
[    0.999131] GDS: Unknown: Dependent on hypervisor status
[    1.003353] x86/fpu: Supporting XSAVE feature 0x001: 'x87 floating point registers'
[    1.007133] x86/fpu: Supporting XSAVE feature 0x002: 'SSE registers'
[    1.011132] x86/fpu: Supporting XSAVE feature 0x004: 'AVX registers'
[    1.015132] x86/fpu: xstate_offset[2]:  576, xstate_sizes[2]:  256
[    1.019136] x86/fpu: Enabled xstate features 0x7, context size is 832 bytes, using 'standard' format.
[    1.027328] Freeing SMP alternatives memory: 40K
[    1.033240] pid_max: default: 32768 minimum: 301
[    1.035196] LSM: Security Framework initializing
[    1.039166] Yama: becoming mindful.
[    1.042656] AppArmor: AppArmor initialized
[    1.043352] Mount-cache hash table entries: 8192 (order: 4, 65536 bytes, linear)
[    1.047259] Mountpoint-cache hash table entries: 8192 (order: 4, 65536 bytes, linear)
[    1.051216] *** VALIDATE tmpfs ***
[    1.059224] *** VALIDATE proc ***
[    1.063257] *** VALIDATE cgroup1 ***
[    1.067135] *** VALIDATE cgroup2 ***
[    1.183128] smpboot: CPU0: Intel(R) Core(TM) i5-8257U CPU @ 1.40GHz (family: 0x6, model: 0x8e, stepping: 0xa)
[    1.183560] Performance Events: unsupported p6 CPU model 142 no PMU driver, software events only.
[    1.187238] rcu: Hierarchical SRCU implementation.
[    1.191989] NMI watchdog: Perf NMI watchdog permanently disabled
[    1.195340] smp: Bringing up secondary CPUs ...
[    1.203553] x86: Booting SMP configuration:
[    1.207135] .... node  #0, CPUs:      #1
[    0.647302] kvm-clock: cpu 1, msr 83a01041, secondary cpu clock
[    1.215401] smp: Brought up 1 node, 2 CPUs
[    1.223132] smpboot: Max logical packages: 1
[    1.227128] smpboot: Total of 2 processors activated (5555.04 BogoMIPS)
[    1.227521] devtmpfs: initialized
[    1.231210] x86/mm: Memory block size: 128MB
[    1.239170] clocksource: jiffies: mask: 0xffffffff max_cycles: 0xffffffff, max_idle_ns: 7645041785100000 ns
[    1.243199] futex hash table entries: 512 (order: 3, 32768 bytes, linear)
[    1.247200] pinctrl core: initialized pinctrl subsystem
[    1.251666] PM: RTC time: 15:17:58, date: 2023-10-21
[    1.259567] NET: Registered protocol family 16
[    1.263272] audit: initializing netlink subsys (disabled)
[    1.267243] audit: type=2000 audit(1697901486.582:1): state=initialized audit_enabled=0 res=1
[    1.267499] EISA bus registered
[    1.271145] cpuidle: using governor ladder
[    1.275138] cpuidle: using governor menu
[    1.279216] ACPI: bus type PCI registered
[    1.283134] acpiphp: ACPI Hot Plug PCI Controller Driver version: 0.5
[    1.287966] PCI: Using configuration type 1 for base access
[    1.295687] HugeTLB registered 2.00 MiB page size, pre-allocated 0 pages
[    1.315346] ACPI: Added _OSI(Module Device)
[    1.319161] ACPI: Added _OSI(Processor Device)
[    1.323152] ACPI: Added _OSI(3.0 _SCP Extensions)
[    1.327132] ACPI: Added _OSI(Processor Aggregator Device)
[    1.331133] ACPI: Added _OSI(Linux-Dell-Video)
[    1.335132] ACPI: Added _OSI(Linux-Lenovo-NV-HDMI-Audio)
[    1.339132] ACPI: Added _OSI(Linux-HPI-Hybrid-Graphics)
[    1.345753] ACPI: 2 ACPI AML tables successfully acquired and loaded
[    1.350500] ACPI: Interpreter enabled
[    1.351144] ACPI: (supports S0 S5)
[    1.355132] ACPI: Using IOAPIC for interrupt routing
[    1.359665] PCI: Using host bridge windows from ACPI; if necessary, use "pci=nocrs" and report a bug
[    1.363322] ACPI: Enabled 2 GPEs in block 00 to 07
[    1.379874] ACPI: PCI Root Bridge [PCI0] (domain 0000 [bus 00-ff])
[    1.383138] acpi PNP0A03:00: _OSC: OS supports [ASPM ClockPM Segments MSI HPX-Type3]
[    1.388146] acpi PNP0A03:00: _OSC: not requesting OS control; OS requires [ExtendedConfig ASPM ClockPM MSI]
[    1.391144] acpi PNP0A03:00: fail to add MMCONFIG information, can't access extended PCI configuration space under this bridge.
[    1.395984] PCI host bridge to bus 0000:00
[    1.399133] pci_bus 0000:00: root bus resource [io  0x0000-0x0cf7 window]
[    1.403133] pci_bus 0000:00: root bus resource [io  0x0d00-0xffff window]
[    1.407133] pci_bus 0000:00: root bus resource [mem 0x000a0000-0x000bffff window]
[    1.411132] pci_bus 0000:00: root bus resource [mem 0xe0000000-0xfdffffff window]
[    1.415135] pci_bus 0000:00: root bus resource [bus 00-ff]
[    1.419302] pci 0000:00:00.0: [8086:1237] type 00 class 0x060000
[    1.430792] pci 0000:00:01.0: [8086:7000] type 00 class 0x060100
[    1.434127] pci 0000:00:01.1: [8086:7111] type 00 class 0x01018a
[    1.436717] pci 0000:00:01.1: reg 0x20: [io  0xd000-0xd00f]
[    1.443397] pci 0000:00:01.1: legacy IDE quirk: reg 0x10: [io  0x01f0-0x01f7]
[    1.447139] pci 0000:00:01.1: legacy IDE quirk: reg 0x14: [io  0x03f6]
[    1.451135] pci 0000:00:01.1: legacy IDE quirk: reg 0x18: [io  0x0170-0x0177]
[    1.455134] pci 0000:00:01.1: legacy IDE quirk: reg 0x1c: [io  0x0376]
[    1.469342] pci 0000:00:02.0: [80ee:beef] type 00 class 0x030000
[    1.483139] pci 0000:00:02.0: reg 0x10: [mem 0xe0000000-0xe0ffffff pref]
[    1.559778] pci 0000:00:03.0: [8086:100e] type 00 class 0x020000
[    1.567449] pci 0000:00:03.0: reg 0x10: [mem 0xf0000000-0xf001ffff]
[    1.577105] pci 0000:00:03.0: reg 0x18: [io  0xd010-0xd017]
[    1.595128] pci 0000:00:04.0: [80ee:cafe] type 00 class 0x088000
[    1.597944] pci 0000:00:04.0: reg 0x10: [io  0xd020-0xd03f]
[    1.601067] pci 0000:00:04.0: reg 0x14: [mem 0xf0400000-0xf07fffff]
[    1.605034] pci 0000:00:04.0: reg 0x18: [mem 0xf0800000-0xf0803fff pref]
[    1.621606] pci 0000:00:05.0: [8086:2415] type 00 class 0x040100
[    1.623664] pci 0000:00:05.0: reg 0x10: [io  0xd100-0xd1ff]
[    1.627402] pci 0000:00:05.0: reg 0x14: [io  0xd200-0xd23f]
[    1.646009] pci 0000:00:07.0: [8086:7113] type 00 class 0x068000
[    1.649429] pci 0000:00:07.0: quirk: [io  0x4000-0x403f] claimed by PIIX4 ACPI
[    1.651180] pci 0000:00:07.0: quirk: [io  0x4100-0x410f] claimed by PIIX4 SMB
[    1.663364] pci 0000:00:08.0: [8086:100e] type 00 class 0x020000
[    1.671653] pci 0000:00:08.0: reg 0x10: [mem 0xf0820000-0xf083ffff]
[    1.678562] pci 0000:00:08.0: reg 0x18: [io  0xd240-0xd247]
[    1.751910] pci 0000:00:14.0: [1000:0030] type 00 class 0x010000
[    1.759546] pci 0000:00:14.0: reg 0x10: [io  0xd300-0xd3ff]
[    1.765106] pci 0000:00:14.0: reg 0x14: [mem 0xf0840000-0xf085ffff]
[    1.768840] pci 0000:00:14.0: reg 0x18: [mem 0xf0860000-0xf087ffff]
[    1.839960] ACPI: PCI Interrupt Link [LNKA] (IRQs 5 9 10 *11)
[    1.843844] ACPI: PCI Interrupt Link [LNKB] (IRQs 5 9 *10 11)
[    1.847382] ACPI: PCI Interrupt Link [LNKC] (IRQs 5 *9 10 11)
[    1.851382] ACPI: PCI Interrupt Link [LNKD] (IRQs 5 9 10 *11)
[    1.855597] iommu: Default domain type: Translated 
[    1.859486] SCSI subsystem initialized
[    1.863285] pci 0000:00:02.0: vgaarb: setting as boot VGA device
[    1.867128] pci 0000:00:02.0: vgaarb: VGA device added: decodes=io+mem,owns=io+mem,locks=none
[    1.867139] pci 0000:00:02.0: vgaarb: bridge control possible
[    1.871132] vgaarb: loaded
[    1.874130] ACPI: bus type USB registered
[    1.875171] usbcore: registered new interface driver usbfs
[    1.879170] usbcore: registered new interface driver hub
[    1.883144] usbcore: registered new device driver usb
[    1.887179] pps_core: LinuxPPS API ver. 1 registered
[    1.891133] pps_core: Software ver. 5.3.6 - Copyright 2005-2007 Rodolfo Giometti <giometti@linux.it>
[    1.895140] PTP clock support registered
[    1.899260] EDAC MC: Ver: 3.0.0
[    1.907368] PCI: Using ACPI for IRQ routing
[    1.912521] NetLabel: Initializing
[    1.915131] NetLabel:  domain hash size = 128
[    1.919131] NetLabel:  protocols = UNLABELED CIPSOv4 CALIPSO
[    1.923217] NetLabel:  unlabeled traffic allowed by default
[    1.933363] clocksource: Switched to clocksource kvm-clock
[    1.970327] *** VALIDATE bpf ***
[    1.976603] VFS: Disk quotas dquot_6.6.0
[    1.980796] VFS: Dquot-cache hash table entries: 512 (order 0, 4096 bytes)
[    1.987530] *** VALIDATE ramfs ***
[    1.991500] *** VALIDATE hugetlbfs ***
[    1.995412] AppArmor: AppArmor Filesystem Enabled
[    2.001080] pnp: PnP ACPI init
[    2.007593] pnp: PnP ACPI: found 3 devices
[    2.034103] thermal_sys: Registered thermal governor 'fair_share'
[    2.034104] thermal_sys: Registered thermal governor 'bang_bang'
[    2.040083] thermal_sys: Registered thermal governor 'step_wise'
[    2.045895] thermal_sys: Registered thermal governor 'user_space'
[    2.053874] thermal_sys: Registered thermal governor 'power_allocator'
[    2.066731] clocksource: acpi_pm: mask: 0xffffff max_cycles: 0xffffff, max_idle_ns: 2085701024 ns
[    2.085742] pci_bus 0000:00: resource 4 [io  0x0000-0x0cf7 window]
[    2.093736] pci_bus 0000:00: resource 5 [io  0x0d00-0xffff window]
[    2.101396] pci_bus 0000:00: resource 6 [mem 0x000a0000-0x000bffff window]
[    2.109871] pci_bus 0000:00: resource 7 [mem 0xe0000000-0xfdffffff window]
[    2.118723] NET: Registered protocol family 2
[    2.126291] IP idents hash table entries: 65536 (order: 7, 524288 bytes, linear)
[    2.137256] tcp_listen_portaddr_hash hash table entries: 2048 (order: 3, 32768 bytes, linear)
[    2.149218] TCP established hash table entries: 32768 (order: 6, 262144 bytes, linear)
[    2.158595] TCP bind hash table entries: 32768 (order: 7, 524288 bytes, linear)
[    2.166040] TCP: Hash tables configured (established 32768 bind 32768)
[    2.172684] UDP hash table entries: 2048 (order: 4, 65536 bytes, linear)
[    2.180609] UDP-Lite hash table entries: 2048 (order: 4, 65536 bytes, linear)
[    2.187697] NET: Registered protocol family 1
[    2.192813] NET: Registered protocol family 44
[    2.197312] pci 0000:00:00.0: Limiting direct PCI/PCI transfers
[    2.202760] pci 0000:00:01.0: Activating ISA DMA hang workarounds
[    2.208297] pci 0000:00:02.0: Video device with shadowed ROM at [mem 0x000c0000-0x000dffff]
[    2.216475] PCI: CLS 0 bytes, default 64
[    2.220392] Trying to unpack rootfs image as initramfs...
[    3.045039] Freeing initrd memory: 85060K
[    3.049566] PCI-DMA: Using software bounce buffering for IO (SWIOTLB)
[    3.055394] software IO TLB: mapped [mem 0xdbff0000-0xdfff0000] (64MB)
[    3.063039] clocksource: tsc: mask: 0xffffffffffffffff max_cycles: 0x1404a74beef, max_idle_ns: 440795267130 ns
[    3.073015] clocksource: Switched to clocksource tsc
[    3.077564] platform rtc_cmos: registered platform RTC device (no PNP device found)
[    3.084630] check: Scanning for low memory corruption every 60 seconds
[    3.091458] Initialise system trusted keyrings
[    3.096387] Key type blacklist registered
[    3.101401] workingset: timestamp_bits=36 max_order=20 bucket_order=0
[    3.108686] zbud: loaded
[    3.111370] squashfs: version 4.0 (2009/01/31) Phillip Lougher
[    3.117383] fuse: init (API version 7.31)
[    3.121277] *** VALIDATE fuse ***
[    3.124899] *** VALIDATE fuse ***
[    3.128572] Platform Keyring initialized
[    3.135710] Key type asymmetric registered
[    3.139450] Asymmetric key parser 'x509' registered
[    3.143893] Block layer SCSI generic (bsg) driver version 0.4 loaded (major 244)
[    3.150546] io scheduler mq-deadline registered
[    3.155335] shpchp: Standard Hot Plug PCI Controller Driver version: 0.4
[    3.161983] ACPI: AC Adapter [AC] (on-line)
[    3.166289] input: Power Button as /devices/LNXSYSTM:00/LNXPWRBN:00/input/input0
[    3.172760] ACPI: Power Button [PWRF]
[    3.176448] input: Sleep Button as /devices/LNXSYSTM:00/LNXSLPBN:00/input/input1
[    3.182870] ACPI: Sleep Button [SLPF]
[    3.190065] battery: ACPI: Battery Slot [BAT0] (battery present)
[    3.196668] Serial: 8250/16550 driver, 32 ports, IRQ sharing enabled
[    3.231122] 00:02: ttyS0 at I/O 0x3f8 (irq = 4, base_baud = 115200) is a 16550A
[    3.247341] Linux agpgart interface v0.103
[    3.383951] loop: module loaded
[    3.391866] scsi host0: ata_piix
[    3.396439] scsi host1: ata_piix
[    3.399555] ata1: PATA max UDMA/33 cmd 0x1f0 ctl 0x3f6 bmdma 0xd000 irq 14
[    3.405473] ata2: PATA max UDMA/33 cmd 0x170 ctl 0x376 bmdma 0xd008 irq 15
[    3.412792] tun: Universal TUN/TAP device driver, 1.6
[    3.417983] PPP generic driver version 2.4.2
[    3.422825] VFIO - User Level meta-driver version: 0.3
[    3.427732] ehci_hcd: USB 2.0 'Enhanced' Host Controller (EHCI) Driver
[    3.433431] ehci-pci: EHCI PCI platform driver
[    3.437542] ehci-platform: EHCI generic platform driver
[    3.442194] ohci_hcd: USB 1.1 'Open' Host Controller (OHCI) Driver
[    3.447959] ohci-pci: OHCI PCI platform driver
[    3.452053] ohci-platform: OHCI generic platform driver
[    3.456743] uhci_hcd: USB Universal Host Controller Interface driver
[    3.462359] i8042: PNP: PS/2 Controller [PNP0303:PS2K,PNP0f03:PS2M] at 0x60,0x64 irq 1,12
[    3.472549] serio: i8042 KBD port at 0x60,0x64 irq 1
[    3.477061] serio: i8042 AUX port at 0x60,0x64 irq 12
[    3.482495] mousedev: PS/2 mouse device common for all mice
[    3.491048] input: AT Translated Set 2 keyboard as /devices/platform/i8042/serio0/input/input2
[    3.493353] rtc_cmos rtc_cmos: registered as rtc0
[    3.504449] rtc_cmos rtc_cmos: alarms up to one day, 114 bytes nvram
[    3.508322] i2c /dev entries driver
[    3.508322] device-mapper: uevent: version 1.0.3
[    3.518043] device-mapper: ioctl: 4.41.0-ioctl (2019-09-16) initialised: dm-devel@redhat.com
[    3.526203] platform eisa.0: Probing EISA bus 0
[    3.529954] platform eisa.0: EISA: Cannot allocate resource for mainboard
[    3.536391] platform eisa.0: Cannot allocate resource for EISA slot 1
[    3.542162] platform eisa.0: Cannot allocate resource for EISA slot 2
[    3.547839] platform eisa.0: Cannot allocate resource for EISA slot 3
[    3.553548] platform eisa.0: Cannot allocate resource for EISA slot 4
[    3.559381] platform eisa.0: Cannot allocate resource for EISA slot 5
[    3.565066] platform eisa.0: Cannot allocate resource for EISA slot 6
[    3.570774] platform eisa.0: Cannot allocate resource for EISA slot 7
[    3.584583] platform eisa.0: Cannot allocate resource for EISA slot 8
[    3.588544] platform eisa.0: EISA: Detected 0 cards
[    3.596232] intel_pstate: CPU model not supported
[    3.636231] ledtrig-cpu: registered to indicate activity on CPUs
[    3.641956] drop_monitor: Initializing network drop monitor service
[    3.647788] NET: Registered protocol family 10
[    3.663868] Segment Routing with IPv6
[    3.667560] NET: Registered protocol family 17
[    3.672001] Key type dns_resolver registered
[    3.676906] RAS: Correctable Errors collector initialized.
[    3.680643] IPI shorthand broadcast: enabled
[    3.686661] sched_clock: Marking stable (3043266468, 643302888)->(3919146135, -232576779)
[    3.695169] registered taskstats version 1
[    3.699208] Loading compiled-in X.509 certificates
[    3.705941] Loaded X.509 cert 'Build time autogenerated kernel key: 25ec0b58ef3a804aeb69b7df2e909209d15a7882'
[    3.714800] Loaded X.509 cert 'Canonical Ltd. Live Patch Signing: 14df34d1a87cf37625abec039ef2bf521249b969'
[    3.723971] Loaded X.509 cert 'Canonical Ltd. Kernel Module Signing: 88f752e560a1e0737e31163a466ad7b70a850c19'
[    3.732349] blacklist: Loading compiled-in revocation X.509 certificates
[    3.738886] Loaded X.509 cert 'Canonical Ltd. Secure Boot Signing: 61482aa2830d0ab2ad5af10b7250da9033ddcef0'
[    3.747611] Loaded X.509 cert 'Canonical Ltd. Secure Boot Signing (2017): 242ade75ac4a15e50d50c84b0d45ff3eae707a03'
[    3.756947] Loaded X.509 cert 'Canonical Ltd. Secure Boot Signing (ESM 2018): 365188c1d374d6b07c3c8f240f8ef722433d6a8b'
[    3.766167] Loaded X.509 cert 'Canonical Ltd. Secure Boot Signing (2019): c0746fd6c5da3ae827864651ad66ae47fe24b3e8'
[    3.774885] Loaded X.509 cert 'Canonical Ltd. Secure Boot Signing (2021 v1): a8d54bbb3825cfb94fa13c9f8a594a195c107b8d'
[    3.784426] Loaded X.509 cert 'Canonical Ltd. Secure Boot Signing (2021 v2): 4cf046892d6fd3c9a5b03f98d845f90851dc6a8c'
[    3.794360] Loaded X.509 cert 'Canonical Ltd. Secure Boot Signing (2021 v3): 100437bb6de6e469b581e61cd66bce3ef4ed53af'
[    3.803680] Loaded X.509 cert 'Canonical Ltd. Secure Boot Signing (Ubuntu Core 2019): c1d57b8f6b743f23ee41f4f7ee292f06eecadfb9'
[    3.813777] zswap: loaded using pool lzo/zbud
[    3.819547] Key type ._fscrypt registered
[    3.823668] Key type .fscrypt registered
[    3.838420] Key type big_key registered
[    3.848515] Key type encrypted registered
[    3.852872] AppArmor: AppArmor sha1 policy hashing enabled
[    3.858278] ima: No TPM chip found, activating TPM-bypass!
[    3.865031] ima: Allocated hash algorithm: sha1
[    3.869217] ima: No architecture policies found
[    3.873891] evm: Initialising EVM extended attributes:
[    3.878751] evm: security.selinux
[    3.882596] evm: security.SMACK64
[    3.886578] evm: security.SMACK64EXEC
[    3.890441] evm: security.SMACK64TRANSMUTE
[    3.894382] evm: security.SMACK64MMAP
[    3.898149] evm: security.apparmor
[    3.901693] evm: security.ima
[    3.904771] evm: security.capability
[    3.908456] evm: HMAC attrs: 0x1
[    3.912077] PM:   Magic number: 11:912:285
[    3.917381] rtc_cmos rtc_cmos: setting system clock to 2023-10-21T15:18:01 UTC (1697901481)
[    3.927657] Freeing unused decrypted memory: 2040K
[    3.932818] Freeing unused kernel image memory: 2764K
[    3.943655] Write protecting the kernel read-only data: 26624k
[    3.950512] Freeing unused kernel image memory: 2036K
[    3.956421] Freeing unused kernel image memory: 960K
[    3.971090] x86/mm: Checked W+X mappings: passed, no W+X pages found.
[    3.977916] x86/mm: Checking user space page tables
[    3.992205] x86/mm: Checked W+X mappings: passed, no W+X pages found.
[    3.998670] Run /init as init process
Loading, please wait...
Starting version 245.4-4ubuntu3.22
[    4.136454] ACPI: Video Device [GFX0] (multi-head: yes  rom: no  post: no)
[    4.144413] input: Video Bus as /devices/LNXSYSTM:00/LNXSYBUS:00/PNP0A03:00/LNXVIDEO:00/input/input4
[    4.168363] e1000: Intel(R) PRO/1000 Network Driver - version 7.3.21-k8-NAPI
[    4.175559] e1000: Copyright (c) 1999-2006 Intel Corporation.
[    4.190406] Fusion MPT base driver 3.04.20
[    4.194904] Copyright (c) 1999-2008 LSI Corporation
[    4.203731] Fusion MPT SPI Host driver 3.04.20
[    4.210886] piix4_smbus 0000:00:07.0: SMBus Host Controller at 0x4100, revision 0
[    4.212826] [drm] VRAM 01000000
[    4.230388] mptbase: ioc0: Initiating bringup
[    4.239614] [TTM] Zone  kernel: Available graphics memory: 2007038 KiB
[    4.245851] [TTM] Initializing pool allocator
[    4.250614] [TTM] Initializing DMA pool allocator
[    4.274125] cryptd: max_cpu_qlen set to 1000
[    4.325620] AVX2 version of gcm_enc/dec engaged.
[    4.331218] AES CTR mode by8 optimization enabled
[    4.402182] fbcon: vboxvideodrmfb (fb0) is primary device
[    4.416022] Console: switching to colour frame buffer device 128x48
[    4.428842] vboxvideo 0000:00:02.0: fb0: vboxvideodrmfb frame buffer device
[    4.451677] [drm] Initialized vboxvideo 1.0.0 20130823 for 0000:00:02.0 on minor 0
[    4.470074] ioc0: LSI53C1030 A0: Capabilities={Initiator}
[    4.671802] input: ImExPS/2 Generic Explorer Mouse as /devices/platform/i8042/serio1/input/input5
[    4.789195] scsi host2: ioc0: LSI53C1030 A0, FwRev=00000000h, Ports=1, MaxQ=256, IRQ=20
[    4.958844] scsi 2:0:0:0: Direct-Access     VBOX     HARDDISK         1.0  PQ: 0 ANSI: 5
[    4.976104] scsi target2:0:0: Beginning Domain Validation
[    4.983800] scsi target2:0:0: Domain Validation skipping write tests
[    4.985939] e1000 0000:00:03.0 eth0: (PCI:33MHz:32-bit) 02:3b:7b:b7:3b:2d
[    4.987665] scsi target2:0:0: Ending Domain Validation
[    4.991372] e1000 0000:00:03.0 eth0: Intel(R) PRO/1000 Network Connection
[    4.995233] scsi target2:0:0: asynchronous
[    5.003555] scsi 2:0:1:0: Direct-Access     VBOX     HARDDISK         1.0  PQ: 0 ANSI: 5
[    5.023355] scsi target2:0:1: Beginning Domain Validation
[    5.029569] scsi target2:0:1: Domain Validation skipping write tests
[    5.033521] scsi target2:0:1: Ending Domain Validation
[    5.036819] scsi target2:0:1: asynchronous
[    5.049934] sd 2:0:0:0: [sda] 83886080 512-byte logical blocks: (42.9 GB/40.0 GiB)
[    5.054942] sd 2:0:0:0: [sda] Write Protect is off
[    5.057952] sd 2:0:0:0: Attached scsi generic sg0 type 0
[    5.061384] sd 2:0:0:0: [sda] Incomplete mode parameter data
[    5.064695] sd 2:0:0:0: [sda] Assuming drive cache: write through
[    5.069974] scsi 2:0:1:0: Attached scsi generic sg1 type 0
[    5.075248] sd 2:0:1:0: [sdb] 20480 512-byte logical blocks: (10.5 MB/10.0 MiB)
[    5.080402] sd 2:0:1:0: [sdb] Write Protect is off
[    5.084144] sd 2:0:1:0: [sdb] Incomplete mode parameter data
[    5.088509] sd 2:0:1:0: [sdb] Assuming drive cache: write through
[    5.206726]  sda: sda1
[    5.341859] sd 2:0:0:0: [sda] Attached SCSI disk
[    5.457342] sd 2:0:1:0: [sdb] Attached SCSI disk
[    5.557915] e1000 0000:00:08.0 eth1: (PCI:33MHz:32-bit) 08:00:27:8b:97:94
[    5.562492] e1000 0000:00:08.0 eth1: Intel(R) PRO/1000 Network Connection
[    5.570184] e1000 0000:00:08.0 enp0s8: renamed from eth1
[    5.588397] e1000 0000:00:03.0 enp0s3: renamed from eth0
Begin: Loading essential drivers ... [    5.804161] raid6: avx2x4   gen() 23825 MB/s
[    5.851328] raid6: avx2x4   xor() 14315 MB/s
[    5.899853] raid6: avx2x2   gen() 22033 MB/s
[    5.947364] raid6: avx2x2   xor() 12934 MB/s
[    5.995411] raid6: avx2x1   gen() 16284 MB/s
[    6.044354] raid6: avx2x1   xor() 12156 MB/s
[    6.095378] raid6: sse2x4   gen()  9457 MB/s
[    6.143332] raid6: sse2x4   xor()  6349 MB/s
[    6.191685] raid6: sse2x2   gen()  8403 MB/s
[    6.239895] raid6: sse2x2   xor()  5927 MB/s
[    6.287373] raid6: sse2x1   gen()  7002 MB/s
[    6.336630] raid6: sse2x1   xor()  4344 MB/s
[    6.339881] raid6: using algorithm avx2x4 gen() 23825 MB/s
[    6.343473] raid6: .... xor() 14315 MB/s, rmw enabled
[    6.346636] raid6: using avx2x2 recovery algorithm
[    6.352214] xor: measuring software checksum speed
[    6.491409]    prefetch64-sse: 204657.000 MB/sec
[    6.647550]    generic_sse: 103791.000 MB/sec
[    6.651084] xor: using function: prefetch64-sse (204657.000 MB/sec)
[    6.657836] async_tx: api initialized (async)
done.
Begin: Running /scripts/init-premount ... done.
Begin: Mounting root file system ... Begin: Running /scripts/local-top ... done.
Begin: Running /scripts/local-premount ... [    6.760206] Btrfs loaded, crc32c=crc32c-intel
Scanning for Btrfs filesystems
done.
Begin: Will now check root file system ... fsck from util-linux 2.34
[/usr/sbin/fsck.ext4 (1) -- /dev/sda1] fsck.ext4 -a -C0 /dev/sda1 
cloudimg-rootfs: clean, 135674/5120000 files, 1499449/10485499 blocks
done.
[    6.844885] EXT4-fs (sda1): mounted filesystem with ordered data mode. Opts: (null)
done.
Begin: Running /scripts/local-bottom ... done.
Begin: Running /scripts/init-bottom ... done.
[    7.204363] systemd[1]: Inserted module 'autofs4'
[    7.230310] systemd[1]: systemd 245.4-4ubuntu3.22 running in system mode. (+PAM +AUDIT +SELINUX +IMA +APPARMOR +SMACK +SYSVINIT +UTMP +LIBCRYPTSETUP +GCRYPT +GNUTLS +ACL +XZ +LZ4 +SECCOMP +BLKID +ELFUTILS +KMOD +IDN2 -IDN +PCRE2 default-hierarchy=hybrid)
[    7.243164] systemd[1]: Detected virtualization oracle.
[    7.246662] systemd[1]: Detected architecture x86-64.

Welcome to [1mUbuntu 20.04.6 LTS[0m!

[    7.276384] systemd[1]: Set hostname to <ubuntu-bionic>.
[    7.715951] systemd[1]: Created slice system-modprobe.slice.
[[0;32m  OK  [0m] Created slice [0;1;39msystem-modprobe.slice[0m.
[    7.723635] systemd[1]: Created slice system-serial\x2dgetty.slice.
[[0;32m  OK  [0m] Created slice [0;1;39msystem-serial\x2dgetty.slice[0m.
[    7.730722] systemd[1]: Created slice User and Session Slice.
[[0;32m  OK  [0m] Created slice [0;1;39mUser and Session Slice[0m.
[    7.737507] systemd[1]: Started Forward Password Requests to Wall Directory Watch.
[[0;32m  OK  [0m] Started [0;1;39mForward Password R…uests to Wall Directory Watch[0m.
[    7.745876] systemd[1]: Set up automount Arbitrary Executable File Formats File System Automount Point.
[[0;32m  OK  [0m] Set up automount [0;1;39mArbitrary…s File System Automount Point[0m.
[    7.755077] systemd[1]: Reached target User and Group Name Lookups.
[[0;32m  OK  [0m] Reached target [0;1;39mUser and Group Name Lookups[0m.
[    7.761941] systemd[1]: Reached target Slices.
[[0;32m  OK  [0m] Reached target [0;1;39mSlices[0m.
[    7.767403] systemd[1]: Reached target Mounting snaps.
[[0;32m  OK  [0m] Reached target [0;1;39mMounting snaps[0m.
[    7.772945] systemd[1]: Reached target Swap.
[[0;32m  OK  [0m] Reached target [0;1;39mSwap[0m.
[    7.778029] systemd[1]: Reached target System Time Set.
[[0;32m  OK  [0m] Reached target [0;1;39mSystem Time Set[0m.
[    7.784045] systemd[1]: Reached target System Time Synchronized.
[[0;32m  OK  [0m] Reached target [0;1;39mSystem Time Synchronized[0m.
[    7.790716] systemd[1]: Listening on Device-mapper event daemon FIFOs.
[[0;32m  OK  [0m] Listening on [0;1;39mDevice-mapper event daemon FIFOs[0m.
[    7.797973] systemd[1]: Listening on LVM2 poll daemon socket.
[[0;32m  OK  [0m] Listening on [0;1;39mLVM2 poll daemon socket[0m.
[    7.804690] systemd[1]: Listening on multipathd control socket.
[[0;32m  OK  [0m] Listening on [0;1;39mmultipathd control socket[0m.
[    7.811331] systemd[1]: Listening on Syslog Socket.
[[0;32m  OK  [0m] Listening on [0;1;39mSyslog Socket[0m.
[    7.816928] systemd[1]: Listening on fsck to fsckd communication Socket.
[[0;32m  OK  [0m] Listening on [0;1;39mfsck to fsckd communication Socket[0m.
[    7.824801] systemd[1]: Listening on initctl Compatibility Named Pipe.
[[0;32m  OK  [0m] Listening on [0;1;39minitctl Compatibility Named Pipe[0m.
[    7.833440] systemd[1]: Listening on Journal Audit Socket.
[[0;32m  OK  [0m] Listening on [0;1;39mJournal Audit Socket[0m.
[    7.840461] systemd[1]: Listening on Journal Socket (/dev/log).
[[0;32m  OK  [0m] Listening on [0;1;39mJournal Socket (/dev/log)[0m.
[    7.848049] systemd[1]: Listening on Journal Socket.
[[0;32m  OK  [0m] Listening on [0;1;39mJournal Socket[0m.
[    7.853798] systemd[1]: Listening on Network Service Netlink Socket.
[[0;32m  OK  [0m] Listening on [0;1;39mNetwork Service Netlink Socket[0m.
[    7.862230] systemd[1]: Listening on udev Control Socket.
[[0;32m  OK  [0m] Listening on [0;1;39mudev Control Socket[0m.
[    7.869427] systemd[1]: Listening on udev Kernel Socket.
[[0;32m  OK  [0m] Listening on [0;1;39mudev Kernel Socket[0m.
[    7.878626] systemd[1]: Mounting Huge Pages File System...
         Mounting [0;1;39mHuge Pages File System[0m...
[    7.888896] systemd[1]: Mounting POSIX Message Queue File System...
         Mounting [0;1;39mPOSIX Message Queue File System[0m...
[    7.900906] systemd[1]: Mounting Kernel Debug File System...
         Mounting [0;1;39mKernel Debug File System[0m...
[    7.911955] systemd[1]: Mounting Kernel Trace File System...
         Mounting [0;1;39mKernel Trace File System[0m...
[    7.924883] systemd[1]: Starting Journal Service...
         Starting [0;1;39mJournal Service[0m...
[    7.937562] systemd[1]: Starting Set the console keyboard layout...
         Starting [0;1;39mSet the console keyboard layout[0m...
[    7.952811] systemd[1]: Starting Create list of static device nodes for the current kernel...
         Starting [0;1;39mCreate list of st…odes for the current kernel[0m...
[    7.971228] systemd[1]: Starting Monitoring of LVM2 mirrors, snapshots etc. using dmeventd or progress polling...
         Starting [0;1;39mMonitoring of LVM…meventd or progress polling[0m...
[    7.998848] systemd[1]: Starting Load Kernel Module chromeos_pstore...
         Starting [0;1;39mLoad Kernel Module chromeos_pstore[0m...
[    8.006250] systemd[1]: Condition check resulted in Load Kernel Module drm being skipped.
[    8.013629] systemd[1]: Starting Load Kernel Module efi_pstore...
         Starting [0;1;39mLoad Kernel Module efi_pstore[0m...
[    8.028790] systemd[1]: Starting Load Kernel Module pstore_blk...
         Starting [0;1;39mLoad Kernel Module pstore_blk[0m...
[    8.041919] systemd[1]: Starting Load Kernel Module pstore_zone...
         Starting [0;1;39mLoad Kernel Module pstore_zone[0m...
[    8.053256] systemd[1]: Starting Load Kernel Module ramoops...
         Starting [0;1;39mLoad Kernel Module ramoops[0m...
[    8.062915] systemd[1]: Condition check resulted in OpenVSwitch configuration for cleanup being skipped.
[    8.076035] systemd[1]: Condition check resulted in Set Up Additional Binary Formats being skipped.
[    8.086873] systemd[1]: Condition check resulted in File System Check on Root Device being skipped.
[    8.099426] systemd[1]: Starting Load Kernel Modules...
         Starting [0;1;39mLoad Kernel Modules[0m...
[    8.108231] systemd[1]: Starting Remount Root and Kernel File Systems...
         Starting [0;1;39mRemount Root and Kernel File Systems[0m...
[    8.119929] systemd[1]: Starting udev Coldplug all Devices...
         Starting [0;1;39mudev Coldplug all Devices[0m...
[    8.134298] systemd[1]: Starting Uncomplicated firewall...
         Starting [0;1;39mUncomplicated firewall[0m...
[    8.146857] systemd[1]: Condition check resulted in Read required files in advance being skipped.
[    8.156326] systemd[1]: Mounted Huge Pages File System.
[    8.164313] EXT4-fs (sda1): re-mounted. Opts: (null)
[[0;32m  OK  [0m] Mounted [0;1;39mHuge Pages File System[0m.
[    8.174063] systemd[1]: Mounted POSIX Message Queue File System.
[[0;32m  OK  [0m] Mounted [0;1;39mPOSIX Message Queue File System[0m.
[    8.183292] systemd[1]: Mounted Kernel Debug File System.
[[0;32m  OK  [0m] Mounted [0;1;39mKernel Debug File System[0m.
[    8.197152] systemd[1]: Mounted Kernel Trace File System.
[[0;32m  OK  [0m] Mounted [0;1;39mKernel Trace File System[0m.
[    8.210629] systemd[1]: Finished Create list of static device nodes for the current kernel.
[[0;32m  OK  [0m] Finished [0;1;39mCreate list of st… nodes for the current kernel[0m.
[    8.223209] systemd[1]: Started Journal Service.
[[0;32m  OK  [0m] Started [0;1;39mJournal Service[0m.
[[0;32m  OK  [0m] Finished [0;1;39mMonitoring of LVM… dmeventd or progress polling[0m.
[[0;32m  OK  [0m] Finished [0;1;39mLoad Kernel Module chromeos_pstore[0m.
[[0;32m  OK  [0m] Finished [0;1;39mLoad Kernel Module efi_pstore[0m.
[[0;32m  OK  [0m] Finished [0;1;39mLoad Kernel Module pstore_blk[0m.
[[0;32m  OK  [0m] Finished [0;1;39mLoad Kernel Module pstore_zone[0m.
[[0;32m  OK  [0m] Finished [0;1;39mLoad Kernel Module ramoops[0m.
[[0;32m  OK  [0m] Finished [0;1;39mLoad Kernel Modules[0m.
[[0;32m  OK  [0m] Finished [0;1;39mRemount Root and Kernel File Systems[0m.
[[0;32m  OK  [0m] Finished [0;1;39mUncomplicated firewall[0m.
         Mounting [0;1;39mFUSE Control File System[0m...
         Mounting [0;1;39mKernel Configuration File System[0m...
         Starting [0;1;39mFlush Journal to Persistent Storage[0m...
         Starting [0;1;39mLoad/Save Random Seed[0m...
         Starting [0;1;39mApply Kernel Variables[0m...
         Starting [0;1;39mCreate System Users[0m...
[[0;32m  OK  [0m] Mounted [0;1;39mKernel Configuration File System[0m.[    8.359727] systemd-journald[361]: Received client request to flush runtime journal.

[[0;32m  OK  [0m] Mounted [0;1;39mFUSE Control File System[0m.
[[0;32m  OK  [0m] Finished [0;1;39mLoad/Save Random Seed[0m.
[[0;32m  OK  [0m] Finished [0;1;39mSet the console keyboard layout[0m.
[[0;32m  OK  [0m] Finished [0;1;39mApply Kernel Variables[0m.
[[0;32m  OK  [0m] Finished [0;1;39mCreate System Users[0m.
         Starting [0;1;39mCreate Static Device Nodes in /dev[0m...
[[0;32m  OK  [0m] Finished [0;1;39mudev Coldplug all Devices[0m.
         Starting [0;1;39mudev Wait for Complete Device Initialization[0m...
[[0;32m  OK  [0m] Finished [0;1;39mCreate Static Device Nodes in /dev[0m.
         Starting [0;1;39mudev Kernel Device Manager[0m...
[[0;32m  OK  [0m] Finished [0;1;39mFlush Journal to Persistent Storage[0m.
[[0;32m  OK  [0m] Started [0;1;39mudev Kernel Device Manager[0m.
[[0;32m  OK  [0m] Started [0;1;39mDispatch Password …ts to Console Directory Watch[0m.
[[0;32m  OK  [0m] Reached target [0;1;39mLocal Encrypted Volumes[0m.
[[0;32m  OK  [0m] Found device [0;1;39m/dev/ttyS0[0m.
[[0;32m  OK  [0m] Listening on [0;1;39mLoad/Save RF …itch Status /dev/rfkill Watch[0m.
         Mounting [0;1;39mArbitrary Executable File Formats File System[0m...
[[0;32m  OK  [0m] Mounted [0;1;39mArbitrary Executable File Formats File System[0m.
[[0;32m  OK  [0m] Reached target [0;1;39mSound Card[0m.
[[0;32m  OK  [0m] Finished [0;1;39mudev Wait for Complete Device Initialization[0m.
         Starting [0;1;39mDevice-Mapper Multipath Device Controller[0m...
[[0;32m  OK  [0m] Started [0;1;39mDevice-Mapper Multipath Device Controller[0m.
[[0;32m  OK  [0m] Reached target [0;1;39mLocal File Systems (Pre)[0m.
         Mounting [0;1;39mMount unit for core20, revision 2015[0m...
         Mounting [0;1;39mMount unit for lxd, revision 24061[0m...
         Mounting [0;1;39mMount unit for snapd, revision 20290[0m...
[[0;32m  OK  [0m] Mounted [0;1;39mMount unit for core20, revision 2015[0m.
[[0;32m  OK  [0m] Mounted [0;1;39mMount unit for lxd, revision 24061[0m.
[[0;32m  OK  [0m] Mounted [0;1;39mMount unit for snapd, revision 20290[0m.
[[0;32m  OK  [0m] Reached target [0;1;39mMounted snaps[0m.
[[0;32m  OK  [0m] Reached target [0;1;39mLocal File Systems[0m.
         Starting [0;1;39mLoad AppArmor profiles[0m...
         Starting [0;1;39mSet console font and keymap[0m...
         Starting [0;1;39mCreate final runt…dir for shutdown pivot root[0m...
         Starting [0;1;39mTell Plymouth To Write Out Runtime Data[0m...
         Starting [0;1;39mCreate Volatile Files and Directories[0m...
[[0;32m  OK  [0m] Finished [0;1;39mCreate final runt…e dir for shutdown pivot root[0m.
[[0;32m  OK  [0m] Finished [0;1;39mSet console font and keymap[0m.
[[0;32m  OK  [0m] Finished [0;1;39mTell Plymouth To Write Out Runtime Data[0m.
[[0;32m  OK  [0m] Finished [0;1;39mCreate Volatile Files and Directories[0m.
         Starting [0;1;39mUpdate UTMP about System Boot/Shutdown[0m...
[[0;32m  OK  [0m] Finished [0;1;39mUpdate UTMP about System Boot/Shutdown[0m.
[[0;32m  OK  [0m] Finished [0;1;39mLoad AppArmor profiles[0m.
         Starting [0;1;39mLoad AppArmor pro…managed internally by snapd[0m...
         Starting [0;1;39mInitial cloud-init job (pre-networking)[0m...
[[0;32m  OK  [0m] Finished [0;1;39mLoad AppArmor pro…s managed internally by snapd[0m.
[   11.905039] cloud-init[613]: Cloud-init v. 23.3.1-0ubuntu1~20.04.1 running 'init-local' at Sat, 21 Oct 2023 15:18:09 +0000. Up 11.64 seconds.
[[0;32m  OK  [0m] Finished [0;1;39mInitial cloud-init job (pre-networking)[0m.
[[0;32m  OK  [0m] Reached target [0;1;39mNetwork (Pre)[0m.
         Starting [0;1;39mNetwork Service[0m...
[[0;32m  OK  [0m] Started [0;1;39mNetwork Service[0m.
         Starting [0;1;39mWait for Network to be Configured[0m...
         Starting [0;1;39mNetwork Name Resolution[0m...
[[0;32m  OK  [0m] Started [0;1;39mNetwork Name Resolution[0m.
[[0;32m  OK  [0m] Reached target [0;1;39mNetwork[0m.
[[0;32m  OK  [0m] Reached target [0;1;39mHost and Network Name Lookups[0m.
[[0;32m  OK  [0m] Finished [0;1;39mWait for Network to be Configured[0m.
         Starting [0;1;39mInitial cloud-ini… (metadata service crawler)[0m...
[   15.086942] cloud-init[632]: Cloud-init v. 23.3.1-0ubuntu1~20.04.1 running 'init' at Sat, 21 Oct 2023 15:18:13 +0000. Up 14.81 seconds.
[   15.092895] cloud-init[632]: ci-info: ++++++++++++++++++++++++++++++++++++++Net device info+++++++++++++++++++++++++++++++++++++++
[   15.098253] cloud-init[632]: ci-info: +--------+------+-----------------------------+---------------+--------+-------------------+
[   15.103506] cloud-init[632]: ci-info: | Device |  Up  |           Address           |      Mask     | Scope  |     Hw-Address    |
[   15.108683] cloud-init[632]: ci-info: +--------+------+-----------------------------+---------------+--------+-------------------+
[   15.114385] cloud-init[632]: ci-info: | enp0s3 | True |          10.0.2.15          | 255.255.255.0 | global | 02:3b:7b:b7:3b:2d |
[   15.118719] cloud-init[632]: ci-info: | enp0s3 | True |  fe80::3b:7bff:feb7:3b2d/64 |       .       |  link  | 02:3b:7b:b7:3b:2d |
[   15.123817] cloud-init[632]: ci-info: | enp0s8 | True |        192.168.20.11        | 255.255.255.0 | global | 08:00:27:8b:97:94 |
[   15.128907] cloud-init[632]: ci-info: | enp0s8 | True | fe80::a00:27ff:fe8b:9794/64 |       .       |  link  | 08:00:27:8b:97:94 |
[   15.133714] cloud-init[632]: ci-info: |   lo   | True |          127.0.0.1          |   255.0.0.0   |  host  |         .         |
[   15.138710] cloud-init[632]: ci-info: |   lo   | True |           ::1/128           |       .       |  host  |         .         |
[   15.143471] cloud-init[632]: ci-info: +--------+------+-----------------------------+---------------+--------+-------------------+
[   15.148473] cloud-init[632]: ci-info: +++++++++++++++++++++++++++++Route IPv4 info+++++++++++++++++++++++++++++
[   15.152351] cloud-init[632]: ci-info: +-------+--------------+----------+-----------------+-----------+-------+
[   15.155991] cloud-init[632]: ci-info: | Route | Destination  | Gateway  |     Genmask     | Interface | Flags |
[   15.159849] cloud-init[632]: ci-info: +-------+--------------+----------+-----------------+-----------+-------+
[   15.163471] cloud-init[632]: ci-info: |   0   |   0.0.0.0    | 10.0.2.2 |     0.0.0.0     |   enp0s3  |   UG  |
[   15.173178] cloud-init[632]: ci-info: |   1   |   10.0.2.0   | 0.0.0.0  |  255.255.255.0  |   enp0s3  |   U   |
[   15.177620] cloud-init[632]: ci-info: |   2   |   10.0.2.2   | 0.0.0.0  | 255.255.255.255 |   enp0s3  |   UH  |
[   15.181416] cloud-init[632]: ci-info: |   3   | 192.168.20.0 | 0.0.0.0  |  255.255.255.0  |   enp0s8  |   U   |
[   15.185923] cloud-init[632]: ci-info: +-------+--------------+----------+-----------------+-----------+-------+
[   15.199772] cloud-init[632]: ci-info: +++++++++++++++++++Route IPv6 info+++++++++++++++++++
[   15.203514] cloud-init[632]: ci-info: +-------+-------------+---------+-----------+-------+
[   15.207122] cloud-init[632]: ci-info: | Route | Destination | Gateway | Interface | Flags |
[   15.210546] cloud-init[632]: ci-info: +-------+-------------+---------+-----------+-------+
[   15.213921] cloud-init[632]: ci-info: |   1   |  fe80::/64  |    ::   |   enp0s8  |   U   |
[   15.217694] cloud-init[632]: ci-info: |   2   |  fe80::/64  |    ::   |   enp0s3  |   U   |
[   15.221224] cloud-init[632]: ci-info: |   4   |    local    |    ::   |   enp0s3  |   U   |
[   15.224676] cloud-init[632]: ci-info: |   5   |    local    |    ::   |   enp0s8  |   U   |
[   15.228408] cloud-init[632]: ci-info: |   6   |  multicast  |    ::   |   enp0s8  |   U   |
[   15.232211] cloud-init[632]: ci-info: |   7   |  multicast  |    ::   |   enp0s3  |   U   |
[   15.236550] cloud-init[632]: ci-info: +-------+-------------+---------+-----------+-------+
[[0;32m  OK  [0m] Finished [0;1;39mInitial cloud-ini…ob (metadata service crawler)[0m.
[[0;32m  OK  [0m] Reached target [0;1;39mCloud-config availability[0m.
[[0;32m  OK  [0m] Reached target [0;1;39mNetwork is Online[0m.
[[0;32m  OK  [0m] Reached target [0;1;39mSystem Initialization[0m.
[[0;32m  OK  [0m] Started [0;1;39mDaily apt download activities[0m.
[[0;32m  OK  [0m] Started [0;1;39mDaily apt upgrade and clean activities[0m.
[[0;32m  OK  [0m] Started [0;1;39mPeriodic ext4 Onli…ata Check for All Filesystems[0m.
[[0;32m  OK  [0m] Started [0;1;39mDiscard unused blocks once a week[0m.
[[0;32m  OK  [0m] Started [0;1;39mRefresh fwupd metadata regularly[0m.
[[0;32m  OK  [0m] Started [0;1;39mDaily rotation of log files[0m.
[[0;32m  OK  [0m] Started [0;1;39mDaily man-db regeneration[0m.
[[0;32m  OK  [0m] Started [0;1;39mMessage of the Day[0m.
[[0;32m  OK  [0m] Started [0;1;39mClean PHP session files every 30 mins[0m.
[[0;32m  OK  [0m] Started [0;1;39mDaily Cleanup of Temporary Directories[0m.
[[0;32m  OK  [0m] Reached target [0;1;39mPaths[0m.
[[0;32m  OK  [0m] Reached target [0;1;39mTimers[0m.
[[0;32m  OK  [0m] Listening on [0;1;39mcloud-init hotplug hook socket[0m.
[[0;32m  OK  [0m] Listening on [0;1;39mD-Bus System Message Bus Socket[0m.
[[0;32m  OK  [0m] Listening on [0;1;39mOpen-iSCSI iscsid Socket[0m.
[[0;32m  OK  [0m] Listening on [0;1;39mSocket unix for snap application lxd.daemon[0m.
         Starting [0;1;39mSocket activation for snappy daemon[0m.
[[0;32m  OK  [0m] Listening on [0;1;39mUUID daemon activation socket[0m.
[[0;32m  OK  [0m] Reached target [0;1;39mRemote File Systems (Pre)[0m.
         Mounting [0;1;39m/vagrant[0m...
         Starting [0;1;39mAvailability of block devices[0m...
[[0;32m  OK  [0m] Listening on [0;1;39mSocket activation for snappy daemon[0m.
[[0;32m  OK  [0m] Reached target [0;1;39mSockets[0m.
[[0;32m  OK  [0m] Reached target [0;1;39mBasic System[0m.
         Starting [0;1;39mAccounts Service[0m...
[[0;32m  OK  [0m] Started [0;1;39mD-Bus System Message Bus[0m.
[[0;32m  OK  [0m] Started [0;1;39mSave initial kernel messages after boot[0m.
         Starting [0;1;39mRemove Stale Onli…t4 Metadata Check Snapshots[0m...
         Starting [0;1;39mRecord successful boot for GRUB[0m...
[[0;32m  OK  [0m] Started [0;1;39mirqbalance daemon[0m.
         Starting [0;1;39mMySQL Community Server[0m...
         Starting [0;1;39mDispatcher daemon for systemd-networkd[0m...
         Starting [0;1;39mClean php session files[0m...
         Starting [0;1;39mAuthorization Manager[0m...
         Starting [0;1;39mSystem Logging Service[0m...
         Starting [0;1;39mService for snap application lxd.activate[0m...
[[0;32m  OK  [0m] Reached target [0;1;39mLogin Prompts (Pre)[0m.
         Starting [0;1;39mSnap Daemon[0m...
         Starting [0;1;39mOpenBSD Secure Shell server[0m...
         Starting [0;1;39mLogin Service[0m...
         Starting [0;1;39mDisk Manager[0m...
         Starting [0;1;39mVirtualbox guest utils[0m...
         Starting [0;1;39mRotate log files[0m...
         Starting [0;1;39mDaily man-db regeneration[0m...
[[0;1;31mFAILED[0m] Failed to mount [0;1;39m/vagrant[0m.
See 'systemctl status vagrant.mount' for details.
[[0;1;38;5;185mDEPEND[0m] Dependency failed for [0;1;39mRemote File Systems[0m.
[[0;32m  OK  [0m] Finished [0;1;39mAvailability of block devices[0m.
         Starting [0;1;39mThe Apache HTTP Server[0m...
         Starting [0;1;39mLSB: automatic crash report generation[0m...
         Starting [0;1;39mDeferred execution scheduler[0m...
[[0;32m  OK  [0m] Started [0;1;39mRegular background program processing daemon[0m.
[[0;32m  OK  [0m] Started [0;1;39mDeferred execution scheduler[0m.
[[0;32m  OK  [0m] Started [0;1;39mSystem Logging Service[0m.
[[0;32m  OK  [0m] Finished [0;1;39mRecord successful boot for GRUB[0m.
         Starting [0;1;39mGRUB failed boot detection[0m...
[[0;32m  OK  [0m] Finished [0;1;39mGRUB failed boot detection[0m.
[[0;32m  OK  [0m] Started [0;1;39mAuthorization Manager[0m.
         Starting [0;1;39mModem Manager[0m...
[[0;32m  OK  [0m] Started [0;1;39mLSB: automatic crash report generation[0m.
[[0;32m  OK  [0m] Started [0;1;39mOpenBSD Secure Shell server[0m.
[[0;32m  OK  [0m] Finished [0;1;39mRemove Stale Onli…ext4 Metadata Check Snapshots[0m.
[[0;32m  OK  [0m] Started [0;1;39mAccounts Service[0m.
[[0;32m  OK  [0m] Started [0;1;39mLogin Service[0m.
[[0;32m  OK  [0m] Started [0;1;39mUnattended Upgrades Shutdown[0m.
[[0;32m  OK  [0m] Started [0;1;39mVirtualbox guest utils[0m.
[[0;32m  OK  [0m] Started [0;1;39mThe Apache HTTP Server[0m.
[[0;32m  OK  [0m] Started [0;1;39mModem Manager[0m.
[[0;32m  OK  [0m] Started [0;1;39mDisk Manager[0m.
[[0;32m  OK  [0m] Finished [0;1;39mRotate log files[0m.
[[0;32m  OK  [0m] Started [0;1;39mDispatcher daemon for systemd-networkd[0m.
[[0;32m  OK  [0m] Finished [0;1;39mDaily man-db regeneration[0m.
[[0;32m  OK  [0m] Finished [0;1;39mClean php session files[0m.
[[0;32m  OK  [0m] Started [0;1;39mSnap Daemon[0m.
         Starting [0;1;39mWait until snapd is fully seeded[0m...
         Starting [0;1;39mTime & Date Service[0m...
[[0;32m  OK  [0m] Started [0;1;39mTime & Date Service[0m.
[[0;32m  OK  [0m] Finished [0;1;39mWait until snapd is fully seeded[0m.
         Starting [0;1;39mApply the settings specified in cloud-config[0m...
[   22.848702] cloud-init[1095]: Cloud-init v. 23.3.1-0ubuntu1~20.04.1 running 'modules:config' at Sat, 21 Oct 2023 15:18:20 +0000. Up 22.50 seconds.
[[0;32m  OK  [0m] Finished [0;1;39mApply the settings specified in cloud-config[0m.
         Starting [0;1;39mPermit User Sessions[0m...
[[0;32m  OK  [0m] Finished [0;1;39mPermit User Sessions[0m.
         Starting [0;1;39mHold until boot process finishes up[0m...
         Starting [0;1;39mTerminate Plymouth Boot Screen[0m...
[[0;32m  OK  [0m] Finished [0;1;39mHold until boot process finishes up[0m.
[[0;32m  OK  [0m] Finished [0;1;39mTerminate Plymouth Boot Screen[0m.
[[0;32m  OK  [0m] Started [0;1;39mSerial Getty on ttyS0[0m.
         Starting [0;1;39mSet console scheme[0m...
[[0;32m  OK  [0m] Finished [0;1;39mSet console scheme[0m.
[[0;32m  OK  [0m] Created slice [0;1;39msystem-getty.slice[0m.
[[0;32m  OK  [0m] Started [0;1;39mGetty on tty1[0m.
[[0;32m  OK  [0m] Reached target [0;1;39mLogin Prompts[0m.
[[0;32m  OK  [0m] Started [0;1;39mMySQL Community Server[0m.
[[0;32m  OK  [0m] Reached target [0;1;39mMulti-User System[0m.
[[0;32m  OK  [0m] Reached target [0;1;39mGraphical Interface[0m.
         Starting [0;1;39mExecute cloud user/final scripts[0m...
         Starting [0;1;39mUpdate UTMP about System Runlevel Changes[0m...
[[0;32m  OK  [0m] Created slice [0;1;39mUser Slice of UID 1000[0m.
         Starting [0;1;39mUser Runtime Directory /run/user/1000[0m...
[[0;32m  OK  [0m] Finished [0;1;39mUser Runtime Directory /run/user/1000[0m.
         Starting [0;1;39mUser Manager for UID 1000[0m...
[[0;32m  OK  [0m] Finished [0;1;39mUpdate UTMP about System Runlevel Changes[0m.
[[0;32m  OK  [0m] Started [0;1;39mUser Manager for UID 1000[0m.
[[0;32m  OK  [0m] Started [0;1;39mSession 1 of user vagrant[0m.

Ubuntu 20.04.6 LTS ubuntu-bionic ttyS0

ubuntu-bionic login: [   24.494640] cloud-init[1162]: Cloud-init v. 23.3.1-0ubuntu1~20.04.1 running 'modules:final' at Sat, 21 Oct 2023 15:18:22 +0000. Up 24.18 seconds.
[   24.503413] cloud-init[1162]: Cloud-init v. 23.3.1-0ubuntu1~20.04.1 finished at Sat, 21 Oct 2023 15:18:22 +0000. Datasource DataSourceNoCloud [seed=/dev/sdb][dsmode=net].  Up 24.47 seconds
[[0;32m  OK  [0m] Finished [0;1;39mExecute cloud user/final scripts[0m.
[[0;32m  OK  [0m] Reached target [0;1;39mCloud-init target[0m.
